 REPUBLIKA HRVATSKA
 DRZAVNI HIDROMETEOROLOSKI ZAVOD
 GRIC 3, 10000 ZAGREB


                   INDEKS OPASNOSTI OD SUMSKIH POZARA 01-11-2009 u 12 h UTC

                  TEMP VL VJETAR KISA  FFMC  DMC  DC  ISI  BUI  FWI  OPASNOST

 Porec           13.7  73    4    0.0   83    9   33   4    11    4  vrlo mala
 Pazin           16.1  28    1    0.0   90   18  226   5    31   11  mala
 Rijeka          15.2  35    1    0.0   89   19  157   5    29    9  mala
 Mali Losinj     15.1  36    1    0.0   89   15  306   4    26    8  mala
 Rab             16.4  53    1    0.0   88   19  354   4    33    8  mala
 Senj            14.9  39    3    0.0   88   17  163   6    26   11  mala
 Zadar           15.0  47    2    0.0   89   16  243   5    28   10  mala
 Sibenik         15.0  29    2    0.0   90   20  279   6    34   13  mala
 Knin            16.4  22    1    0.0   92   17   35   7    17    9  mala
 Sinj            15.8  55    3    0.0   86    8   21   4     8    4  vrlo mala
 Imotski         16.2  61    3    0.0   85    9   35   4    11    4  vrlo mala
 Split Marjan    14.4  39    3    0.0   90   19  275   7    33   14  mala
 Makarska        16.4  45    2    0.0   89   17  252   5    29   10  mala
 Hvar            16.6  40    2    0.0   90   20  305   6    35   12  mala
 Komiza          15.8  38    2    0.0   90   21  275   6    35   12  mala
 Ploce           15.0  44    4    0.0   89   14  129   8    22   12  mala
 Dubrovnik       17.1  36    1    0.0   91   15   39   6    15    7  mala
 Zavizan          9.8   9    3    0.0   92    5   15   9     6    8  mala
 Gospic          10.3  38    1    0.0   87    9   24   4     9    4  vrlo mala
